{"level":"http","message":"Method: POST en /users?order=ASC - Params: {} - Queries: {\"order\":\"ASC\"} - Body: {\"name\":\"Mate\"} - 8:02:47 PM"}
{"level":"warn","message":"Faltan parámetros en la request del cliente"}
{"level":"http","message":"Method: POST en /users?order=ASC - Params: {} - Queries: {\"order\":\"ASC\"} - Body: {\"name\":\"Mate\"} - 8:03:43 PM"}
{"level":"debug","message":"el code es 17509"}
{"level":"http","message":"Method: POST en /users?order=ASC - Headers: {\"content-type\":\"application/json\",\"user-agent\":\"PostmanRuntime/7.32.3\",\"accept\":\"*/*\",\"cache-control\":\"no-cache\",\"postman-token\":\"ff4ace15-31b8-4305-be0e-9ed414d2beb8\",\"host\":\"localhost:3000\",\"accept-encoding\":\"gzip, deflate, br\",\"connection\":\"keep-alive\",\"content-length\":\"22\"} - Params: {} - Queries: {\"order\":\"ASC\"} - Body: {\"name\":\"Mate\"} - 8:06:58 PM"}
{"level":"debug","message":"el code es 17509"}
{"level":"http","message":"Method: GET en /users - Headers: {\"host\":\"localhost:3000\",\"connection\":\"keep-alive\",\"sec-ch-ua\":\"\\\"Chromium\\\";v=\\\"116\\\", \\\"Not)A;Brand\\\";v=\\\"24\\\", \\\"Google Chrome\\\";v=\\\"116\\\"\",\"sec-ch-ua-mobile\":\"?0\",\"sec-ch-ua-platform\":\"\\\"macOS\\\"\",\"upgrade-insecure-requests\":\"1\",\"user-agent\":\"Mozilla/5.0 (Macintosh; Intel Mac OS X 10_15_7) AppleWebKit/537.36 (KHTML, like Gecko) Chrome/116.0.0.0 Safari/537.36\",\"sec-purpose\":\"prefetch;prerender\",\"purpose\":\"prefetch\",\"accept\":\"text/html,application/xhtml+xml,application/xml;q=0.9,image/avif,image/webp,image/apng,*/*;q=0.8,application/signed-exchange;v=b3;q=0.7\",\"sec-fetch-site\":\"none\",\"sec-fetch-mode\":\"navigate\",\"sec-fetch-user\":\"?1\",\"sec-fetch-dest\":\"document\",\"accept-encoding\":\"gzip, deflate, br\",\"accept-language\":\"es-US,es-419;q=0.9,es;q=0.8,en;q=0.7\",\"if-none-match\":\"W/\\\"b21-4rmr3KjKJi2ZxamZA3Za8cn2giw\\\"\"} - Params: {} - Queries: {} - Body: {} - 8:07:31 PM"}
{"level":"debug","message":"el code es 17509"}
{"level":"http","message":"Method: GET en /users - Headers: {\"host\":\"localhost:3000\",\"connection\":\"keep-alive\",\"sec-ch-ua\":\"\\\"Chromium\\\";v=\\\"116\\\", \\\"Not)A;Brand\\\";v=\\\"24\\\", \\\"Google Chrome\\\";v=\\\"116\\\"\",\"sec-ch-ua-mobile\":\"?0\",\"sec-ch-ua-platform\":\"\\\"macOS\\\"\",\"upgrade-insecure-requests\":\"1\",\"user-agent\":\"Mozilla/5.0 (Macintosh; Intel Mac OS X 10_15_7) AppleWebKit/537.36 (KHTML, like Gecko) Chrome/116.0.0.0 Safari/537.36\",\"accept\":\"text/html,application/xhtml+xml,application/xml;q=0.9,image/avif,image/webp,image/apng,*/*;q=0.8,application/signed-exchange;v=b3;q=0.7\",\"sec-fetch-site\":\"none\",\"sec-fetch-mode\":\"navigate\",\"sec-fetch-user\":\"?1\",\"sec-fetch-dest\":\"document\",\"accept-encoding\":\"gzip, deflate, br\",\"accept-language\":\"es-US,es-419;q=0.9,es;q=0.8,en;q=0.7\"} - Params: {} - Queries: {} - Body: {} - 8:07:32 PM"}
{"level":"debug","message":"el code es 17509"}
{"level":"http","message":"Method: GET en /images/icons/gear.png - Headers: {\"host\":\"localhost:3000\",\"connection\":\"keep-alive\",\"sec-ch-ua\":\"\\\"Chromium\\\";v=\\\"116\\\", \\\"Not)A;Brand\\\";v=\\\"24\\\", \\\"Google Chrome\\\";v=\\\"116\\\"\",\"sec-ch-ua-mobile\":\"?0\",\"user-agent\":\"Mozilla/5.0 (Macintosh; Intel Mac OS X 10_15_7) AppleWebKit/537.36 (KHTML, like Gecko) Chrome/116.0.0.0 Safari/537.36\",\"sec-ch-ua-platform\":\"\\\"macOS\\\"\",\"accept\":\"image/avif,image/webp,image/apng,image/svg+xml,image/*,*/*;q=0.8\",\"sec-fetch-site\":\"same-origin\",\"sec-fetch-mode\":\"no-cors\",\"sec-fetch-dest\":\"image\",\"referer\":\"http://localhost:3000/users\",\"accept-encoding\":\"gzip, deflate, br\",\"accept-language\":\"es-US,es-419;q=0.9,es;q=0.8,en;q=0.7\"} - Params: {} - Queries: {} - Body: {} - 8:07:32 PM"}
{"level":"http","message":"Method: POST en /users?order=ASC - Headers: {\"content-type\":\"application/json\",\"user-agent\":\"PostmanRuntime/7.32.3\",\"accept\":\"*/*\",\"cache-control\":\"no-cache\",\"postman-token\":\"f5bea3da-bf0b-4394-ac51-ecf952cd574d\",\"host\":\"localhost:3000\",\"accept-encoding\":\"gzip, deflate, br\",\"connection\":\"keep-alive\",\"content-length\":\"22\"} - Params: {} - Queries: {\"order\":\"ASC\"} - Body: {\"name\":\"Mate\"} - 8:09:01 PM"}
{"level":"http","message":"Method: POST en /users?order=ASC - Headers: {\"content-type\":\"application/json\",\"user-agent\":\"PostmanRuntime/7.32.3\",\"accept\":\"*/*\",\"cache-control\":\"no-cache\",\"postman-token\":\"778e9b6d-ca1d-435c-a245-f620b52cee39\",\"host\":\"localhost:3000\",\"accept-encoding\":\"gzip, deflate, br\",\"connection\":\"keep-alive\",\"content-length\":\"22\"} - Params: {} - Queries: {\"order\":\"ASC\"} - Body: {\"name\":\"Mate\"} - 8:09:02 PM"}
{"level":"http","message":"Method: POST en /users?order=ASC - Headers: {\"content-type\":\"application/json\",\"user-agent\":\"PostmanRuntime/7.32.3\",\"accept\":\"*/*\",\"cache-control\":\"no-cache\",\"postman-token\":\"798113a5-986c-4365-8fd7-a17f0c8c59d3\",\"host\":\"localhost:3000\",\"accept-encoding\":\"gzip, deflate, br\",\"connection\":\"keep-alive\",\"content-length\":\"22\"} - Params: {} - Queries: {\"order\":\"ASC\"} - Body: {\"name\":\"Mate\"} - 8:09:11 PM"}
{"level":"debug","message":"el code es 17509"}
{"level":"http","message":"Method: POST en /users?order=ASC - Headers: {\"content-type\":\"application/json\",\"user-agent\":\"PostmanRuntime/7.32.3\",\"accept\":\"*/*\",\"cache-control\":\"no-cache\",\"postman-token\":\"de44d66c-fcec-421f-a8ad-f03541b58720\",\"host\":\"localhost:3000\",\"accept-encoding\":\"gzip, deflate, br\",\"connection\":\"keep-alive\",\"content-length\":\"22\"} - Params: {} - Queries: {\"order\":\"ASC\"} - Body: {\"name\":\"Mate\"} - 8:09:11 PM"}
{"level":"debug","message":"el code es 17509"}
{"level":"http","message":"Method: POST en /users?order=ASC - Headers: {\"content-type\":\"application/json\",\"user-agent\":\"PostmanRuntime/7.32.3\",\"accept\":\"*/*\",\"cache-control\":\"no-cache\",\"postman-token\":\"5302925d-613c-4d2c-8a95-4a431370a0d5\",\"host\":\"localhost:3000\",\"accept-encoding\":\"gzip, deflate, br\",\"connection\":\"keep-alive\",\"content-length\":\"22\"} - Params: {} - Queries: {\"order\":\"ASC\"} - Body: {\"name\":\"Mate\"} - 8:09:12 PM"}
{"level":"debug","message":"el code es 17509"}
{"level":"http","message":"Method: POST en /users?order=ASC - Headers: {\"content-type\":\"application/json\",\"user-agent\":\"PostmanRuntime/7.32.3\",\"accept\":\"*/*\",\"cache-control\":\"no-cache\",\"postman-token\":\"5c33d0df-c384-4fad-8411-42320d50dbcc\",\"host\":\"localhost:3000\",\"accept-encoding\":\"gzip, deflate, br\",\"connection\":\"keep-alive\",\"content-length\":\"22\"} - Params: {} - Queries: {\"order\":\"ASC\"} - Body: {\"name\":\"Mate\"} - 8:09:12 PM"}
{"level":"debug","message":"el code es 17509"}
{"level":"http","message":"Method: POST en /users?order=ASC - Headers: {\"content-type\":\"application/json\",\"user-agent\":\"PostmanRuntime/7.32.3\",\"accept\":\"*/*\",\"cache-control\":\"no-cache\",\"postman-token\":\"f7ead9c3-f2c7-4f1b-8de1-46135041db17\",\"host\":\"localhost:3000\",\"accept-encoding\":\"gzip, deflate, br\",\"connection\":\"keep-alive\",\"content-length\":\"22\"} - Params: {} - Queries: {\"order\":\"ASC\"} - Body: {\"name\":\"Mate\"} - 8:09:13 PM"}
{"level":"debug","message":"el code es 17509"}
{"level":"http","message":"Method: POST en /users?order=ASC - Headers: {\"content-type\":\"application/json\",\"user-agent\":\"PostmanRuntime/7.32.3\",\"accept\":\"*/*\",\"cache-control\":\"no-cache\",\"postman-token\":\"a82ddb51-0de6-4da6-b63b-6555e3994f82\",\"host\":\"localhost:3000\",\"accept-encoding\":\"gzip, deflate, br\",\"connection\":\"keep-alive\",\"content-length\":\"22\"} - Params: {} - Queries: {\"order\":\"ASC\"} - Body: {\"name\":\"Mate\"} - 8:09:13 PM"}
{"level":"debug","message":"el code es 17509"}
{"level":"http","message":"Method: POST en /users?order=ASC - Headers: {\"content-type\":\"application/json\",\"user-agent\":\"PostmanRuntime/7.32.3\",\"accept\":\"*/*\",\"cache-control\":\"no-cache\",\"postman-token\":\"1b2b5ac9-8c3a-4a22-9f25-850f439aa39e\",\"host\":\"localhost:3000\",\"accept-encoding\":\"gzip, deflate, br\",\"connection\":\"keep-alive\",\"content-length\":\"22\"} - Params: {} - Queries: {\"order\":\"ASC\"} - Body: {\"name\":\"Mate\"} - 8:09:14 PM"}
{"level":"debug","message":"el code es 17509"}
{"level":"http","message":"Method: POST en /users?order=ASC - Headers: {\"content-type\":\"application/json\",\"user-agent\":\"PostmanRuntime/7.32.3\",\"accept\":\"*/*\",\"cache-control\":\"no-cache\",\"postman-token\":\"cf717906-c7f6-47a2-8fbb-830994541a0c\",\"host\":\"localhost:3000\",\"accept-encoding\":\"gzip, deflate, br\",\"connection\":\"keep-alive\",\"content-length\":\"22\"} - Params: {} - Queries: {\"order\":\"ASC\"} - Body: {\"name\":\"Mate\"} - 8:09:14 PM"}
{"level":"debug","message":"el code es 17509"}
{"level":"http","message":"Method: POST en /users?order=ASC - Headers: {\"content-type\":\"application/json\",\"user-agent\":\"PostmanRuntime/7.32.3\",\"accept\":\"*/*\",\"cache-control\":\"no-cache\",\"postman-token\":\"d700f7b2-e89a-49cf-b1b7-dca806dd4e07\",\"host\":\"localhost:3000\",\"accept-encoding\":\"gzip, deflate, br\",\"connection\":\"keep-alive\",\"content-length\":\"22\"} - Params: {} - Queries: {\"order\":\"ASC\"} - Body: {\"name\":\"Mate\"} - 8:09:15 PM"}
{"level":"debug","message":"el code es 17509"}
{"level":"http","message":"Method: POST en /users?order=ASC - Headers: {\"content-type\":\"application/json\",\"user-agent\":\"PostmanRuntime/7.32.3\",\"accept\":\"*/*\",\"cache-control\":\"no-cache\",\"postman-token\":\"4b4be4d8-ab27-412b-b349-758a4afbb018\",\"host\":\"localhost:3000\",\"accept-encoding\":\"gzip, deflate, br\",\"connection\":\"keep-alive\",\"content-length\":\"22\"} - Params: {} - Queries: {\"order\":\"ASC\"} - Body: {\"name\":\"Mate\"} - 8:09:15 PM"}
{"level":"debug","message":"el code es 17509"}
{"level":"http","message":"Method: POST en /users?order=ASC - Headers: {\"content-type\":\"application/json\",\"user-agent\":\"PostmanRuntime/7.32.3\",\"accept\":\"*/*\",\"cache-control\":\"no-cache\",\"postman-token\":\"23c91720-7c14-4e25-9873-cedc5520ae64\",\"host\":\"localhost:3000\",\"accept-encoding\":\"gzip, deflate, br\",\"connection\":\"keep-alive\",\"content-length\":\"22\"} - Params: {} - Queries: {\"order\":\"ASC\"} - Body: {\"name\":\"Mate\"} - 8:09:16 PM"}
{"level":"debug","message":"el code es 17509"}
